-------------------------------------------------------------------------------
Test set: com.bezkoder.spring.security.login.SpringBootLoginExampleApplicationTests
-------------------------------------------------------------------------------
Tests run: 1, Failures: 0, Errors: 1, Skipped: 0, Time elapsed: 0.379 s <<< FAILURE! - in com.bezkoder.spring.security.login.SpringBootLoginExampleApplicationTests
com.bezkoder.spring.security.login.SpringBootLoginExampleApplicationTests  Time elapsed: 0.37 s  <<< ERROR!
java.lang.IllegalStateException: Unable to find a @SpringBootConfiguration, you need to use @ContextConfiguration or @SpringBootTest(classes=...) with your test

