<?xml version="1.0" encoding="UTF-8"?>
<testsuite xmlns:xsi="http://www.w3.org/2001/XMLSchema-instance" xsi:noNamespaceSchemaLocation="https://maven.apache.org/surefire/maven-surefire-plugin/xsd/surefire-test-report.xsd" name="com.bezkoder.spring.security.login.SpringBootLoginExampleApplicationTests" time="0.379" tests="1" errors="1" skipped="0" failures="0">
  <properties>
[...]
</properties>
  <testcase name="com.bezkoder.spring.security.login.SpringBootLoginExampleApplicationTests" classname="com.bezkoder.spring.security.login.SpringBootLoginExampleApplicationTests" time="0.37">
    <error message="Unable to find a @SpringBootConfiguration, you need to use @ContextConfiguration or @SpringBootTest(classes=...) with your test" type="java.lang.IllegalStateException">java.lang.IllegalStateException: Unable to find a @SpringBootConfiguration, you need to use @ContextConfiguration or @SpringBootTest(classes=...) with your test
</error>
    <system-out><![CDATA[18:04:44.970 [main] DEBUG org.springframework.test.context.BootstrapUtils - Instantiating CacheAwareContextLoaderDelegate from class [org.springframework.test.context.cache.DefaultCacheAwareContextLoaderDelegate]
18:04:44.988 [main] DEBUG org.springframework.test.context.BootstrapUtils - Instantiating BootstrapContext using constructor [public org.springframework.test.context.support.DefaultBootstrapContext(java.lang.Class,org.springframework.test.context.CacheAwareContextLoaderDelegate)]
18:04:45.042 [main] DEBUG org.springframework.test.context.BootstrapUtils - Instantiating TestContextBootstrapper for test class [com.bezkoder.spring.security.login.SpringBootLoginExampleApplicationTests] from class [org.springframework.boot.test.context.SpringBootTestContextBootstrapper]
18:04:45.058 [main] INFO org.springframework.boot.test.context.SpringBootTestContextBootstrapper - Neither @ContextConfiguration nor @ContextHierarchy found for test class [com.bezkoder.spring.security.login.SpringBootLoginExampleApplicationTests], using SpringBootContextLoader
18:04:45.063 [main] DEBUG org.springframework.test.context.support.AbstractContextLoader - Did not detect default resource location for test class [com.bezkoder.spring.security.login.SpringBootLoginExampleApplicationTests]: class path resource [com/bezkoder/spring/security/login/SpringBootLoginExampleApplicationTests-context.xml] does not exist
18:04:45.064 [main] DEBUG org.springframework.test.context.support.AbstractContextLoader - Did not detect default resource location for test class [com.bezkoder.spring.security.login.SpringBootLoginExampleApplicationTests]: class path resource [com/bezkoder/spring/security/login/SpringBootLoginExampleApplicationTestsContext.groovy] does not exist
18:04:45.065 [main] INFO org.springframework.test.context.support.AbstractContextLoader - Could not detect default resource locations for test class [com.bezkoder.spring.security.login.SpringBootLoginExampleApplicationTests]: no resource found for suffixes {-context.xml, Context.groovy}.
18:04:45.066 [main] INFO org.springframework.test.context.support.AnnotationConfigContextLoaderUtils - Could not detect default configuration classes for test class [com.bezkoder.spring.security.login.SpringBootLoginExampleApplicationTests]: SpringBootLoginExampleApplicationTests does not declare any static, non-private, non-final, nested classes annotated with @Configuration.
18:04:45.140 [main] DEBUG org.springframework.test.context.support.ActiveProfilesUtils - Could not find an 'annotation declaring class' for annotation type [org.springframework.test.context.ActiveProfiles] and class [com.bezkoder.spring.security.login.SpringBootLoginExampleApplicationTests]
]]></system-out>
  </testcase>
</testsuite>