-------------------------------------------------------------------------------
Test set: com.example.spring.offeride.SpringbootCrudApiApplicationTests
-------------------------------------------------------------------------------
Tests run: 1, Failures: 0, Errors: 1, Skipped: 0, Time elapsed: 0.486 s <<< FAILURE! - in com.example.spring.offeride.SpringbootCrudApiApplicationTests
com.example.spring.offeride.SpringbootCrudApiApplicationTests  Time elapsed: 0.475 s  <<< ERROR!
java.lang.IllegalStateException: Unable to find a @SpringBootConfiguration, you need to use @ContextConfiguration or @SpringBootTest(classes=...) with your test

