-------------------------------------------------------------------------------
Test set: com.example.spring.offeride.OfferrideApplicationTests
-------------------------------------------------------------------------------
Tests run: 1, Failures: 0, Errors: 1, Skipped: 0, Time elapsed: 0.377 s <<< FAILURE! - in com.example.spring.offeride.OfferrideApplicationTests
com.example.spring.offeride.OfferrideApplicationTests  Time elapsed: 0.37 s  <<< ERROR!
java.lang.IllegalStateException: Unable to find a @SpringBootConfiguration, you need to use @ContextConfiguration or @SpringBootTest(classes=...) with your test

