-------------------------------------------------------------------------------
Test set: com.example.angular.springbootcrudapi.SpringbootCrudApiApplicationTests
-------------------------------------------------------------------------------
Tests run: 1, Failures: 0, Errors: 1, Skipped: 0, Time elapsed: 0.358 s <<< FAILURE! - in com.example.angular.springbootcrudapi.SpringbootCrudApiApplicationTests
com.example.angular.springbootcrudapi.SpringbootCrudApiApplicationTests  Time elapsed: 0.348 s  <<< ERROR!
java.lang.IllegalStateException: Unable to find a @SpringBootConfiguration, you need to use @ContextConfiguration or @SpringBootTest(classes=...) with your test

