<?xml version="1.0" encoding="UTF-8"?>
<testsuite xmlns:xsi="http://www.w3.org/2001/XMLSchema-instance" xsi:noNamespaceSchemaLocation="https://maven.apache.org/surefire/maven-surefire-plugin/xsd/surefire-test-report.xsd" name="com.example.spring.offeride.OfferrideApplicationTests" time="0.377" tests="1" errors="1" skipped="0" failures="0">
  <properties>
[...]
</properties>
  <testcase name="com.example.spring.offeride.OfferrideApplicationTests" classname="com.example.spring.offeride.OfferrideApplicationTests" time="0.37">
    <error message="Unable to find a @SpringBootConfiguration, you need to use @ContextConfiguration or @SpringBootTest(classes=...) with your test" type="java.lang.IllegalStateException">java.lang.IllegalStateException: Unable to find a @SpringBootConfiguration, you need to use @ContextConfiguration or @SpringBootTest(classes=...) with your test
</error>
    <system-out><![CDATA[14:05:37.189 [main] DEBUG org.springframework.test.context.BootstrapUtils - Instantiating CacheAwareContextLoaderDelegate from class [org.springframework.test.context.cache.DefaultCacheAwareContextLoaderDelegate]
14:05:37.207 [main] DEBUG org.springframework.test.context.BootstrapUtils - Instantiating BootstrapContext using constructor [public org.springframework.test.context.support.DefaultBootstrapContext(java.lang.Class,org.springframework.test.context.CacheAwareContextLoaderDelegate)]
14:05:37.262 [main] DEBUG org.springframework.test.context.BootstrapUtils - Instantiating TestContextBootstrapper for test class [com.example.spring.offeride.OfferrideApplicationTests] from class [org.springframework.boot.test.context.SpringBootTestContextBootstrapper]
14:05:37.280 [main] INFO org.springframework.boot.test.context.SpringBootTestContextBootstrapper - Neither @ContextConfiguration nor @ContextHierarchy found for test class [com.example.spring.offeride.OfferrideApplicationTests], using SpringBootContextLoader
14:05:37.285 [main] DEBUG org.springframework.test.context.support.AbstractContextLoader - Did not detect default resource location for test class [com.example.spring.offeride.OfferrideApplicationTests]: class path resource [com/example/spring/offeride/OfferrideApplicationTests-context.xml] does not exist
14:05:37.286 [main] DEBUG org.springframework.test.context.support.AbstractContextLoader - Did not detect default resource location for test class [com.example.spring.offeride.OfferrideApplicationTests]: class path resource [com/example/spring/offeride/OfferrideApplicationTestsContext.groovy] does not exist
14:05:37.286 [main] INFO org.springframework.test.context.support.AbstractContextLoader - Could not detect default resource locations for test class [com.example.spring.offeride.OfferrideApplicationTests]: no resource found for suffixes {-context.xml, Context.groovy}.
14:05:37.287 [main] INFO org.springframework.test.context.support.AnnotationConfigContextLoaderUtils - Could not detect default configuration classes for test class [com.example.spring.offeride.OfferrideApplicationTests]: OfferrideApplicationTests does not declare any static, non-private, non-final, nested classes annotated with @Configuration.
14:05:37.377 [main] DEBUG org.springframework.test.context.support.ActiveProfilesUtils - Could not find an 'annotation declaring class' for annotation type [org.springframework.test.context.ActiveProfiles] and class [com.example.spring.offeride.OfferrideApplicationTests]
]]></system-out>
  </testcase>
</testsuite>